D:\CPPtmp\PopStar\PopStar\Release\cl.command.1.tlog
D:\CPPtmp\PopStar\PopStar\Release\CL.read.1.tlog
D:\CPPtmp\PopStar\PopStar\Release\CL.write.1.tlog
D:\CPPTMP\POPSTAR\POPSTAR\RELEASE\DISPLAYMODULE.OBJ
D:\CPPTMP\POPSTAR\POPSTAR\RELEASE\GAMELOGIC.OBJ
D:\CPPTMP\POPSTAR\POPSTAR\RELEASE\GAMEMENU.OBJ
D:\CPPtmp\PopStar\PopStar\Release\link.command.1.tlog
D:\CPPtmp\PopStar\PopStar\Release\link.read.1.tlog
D:\CPPtmp\PopStar\PopStar\Release\link.write.1.tlog
D:\CPPTMP\POPSTAR\POPSTAR\RELEASE\MAIN.OBJ
D:\CPPtmp\PopStar\PopStar\Release\mt.command.1.tlog
D:\CPPtmp\PopStar\PopStar\Release\mt.read.1.tlog
D:\CPPtmp\PopStar\PopStar\Release\mt.write.1.tlog
D:\CPPTMP\POPSTAR\POPSTAR\RELEASE\POPSTAR.EXE.INTERMEDIATE.MANIFEST
D:\CPPtmp\PopStar\PopStar\Release\PopStar.vcxprojResolveAssemblyReference.cache
D:\CPPtmp\PopStar\PopStar\Release\PopStar.write.1.tlog
D:\CPPTMP\POPSTAR\POPSTAR\RELEASE\STAR.OBJ
D:\CPPTMP\POPSTAR\POPSTAR\RELEASE\VC100.PDB
D:\CPPTMP\POPSTAR\RELEASE\POPSTAR.EXE
D:\CPPTMP\POPSTAR\RELEASE\POPSTAR.PDB
