生成启动时间为 2019/10/30 21:41:30。
     1>项目“C:\Users\dell\Documents\Tencent Files\1548033119\FileRecv\字符串练习生-消灭星星\src\PopStar\PopStar\PopStar.vcxproj”在节点 2 上(rebuild 个目标)。
     1>_PrepareForClean:
         正在删除文件“Debug\PopStar.lastbuildstate”。
       InitializeBuildStatus:
         正在创建“Debug\PopStar.unsuccessfulbuild”，因为已指定“AlwaysCreate”。
       ClCompile:
         C:\Program Files (x86)\Microsoft Visual Studio 10.0\VC\bin\CL.exe /c /ZI /nologo /W3 /WX- /Od /Oy- /D _MBCS /Gm /EHsc /RTC1 /MDd /GS /fp:precise /Zc:wchar_t /Zc:forScope /Fo"Debug\\" /Fd"Debug\vc100.pdb" /Gd /TP /analyze- /errorReport:prompt displayModule.cpp GameLogic.cpp GameMenu.cpp main.cpp Star.cpp
         Star.cpp
         main.cpp
         GameMenu.cpp
         GameLogic.cpp
         displayModule.cpp
         正在生成代码...
       Link:
         C:\Program Files (x86)\Microsoft Visual Studio 10.0\VC\bin\link.exe /ERRORREPORT:PROMPT /OUT:"C:\Users\dell\Documents\Tencent Files\1548033119\FileRecv\字符串练习生-消灭星星\src\PopStar\Debug\PopStar.exe" /NOLOGO kernel32.lib user32.lib gdi32.lib winspool.lib comdlg32.lib advapi32.lib shell32.lib ole32.lib oleaut32.lib uuid.lib odbc32.lib odbccp32.lib /MANIFEST /ManifestFile:"Debug\PopStar.exe.intermediate.manifest" /MANIFESTUAC:"level='asInvoker' uiAccess='false'" /DEBUG /PDB:"C:\Users\dell\Documents\Tencent Files\1548033119\FileRecv\字符串练习生-消灭星星\src\PopStar\Debug\PopStar.pdb" /TLBID:1 /DYNAMICBASE /NXCOMPAT /IMPLIB:"C:\Users\dell\Documents\Tencent Files\1548033119\FileRecv\字符串练习生-消灭星星\src\PopStar\Debug\PopStar.lib" /MACHINE:X86 Debug\displayModule.obj
         Debug\GameLogic.obj
         Debug\GameMenu.obj
         Debug\main.obj
         Debug\Star.obj
         EasyXa.lib
         EasyXw.lib
         WINMM.LIB
         PopStar.vcxproj -> C:\Users\dell\Documents\Tencent Files\1548033119\FileRecv\字符串练习生-消灭星星\src\PopStar\Debug\PopStar.exe
       Manifest:
         C:\Program Files (x86)\Microsoft SDKs\Windows\v7.0A\bin\mt.exe /nologo /verbose /outputresource:"C:\Users\dell\Documents\Tencent Files\1548033119\FileRecv\字符串练习生-消灭星星\src\PopStar\Debug\PopStar.exe;#1" /manifest Debug\PopStar.exe.intermediate.manifest
       FinalizeBuildStatus:
         正在删除文件“Debug\PopStar.unsuccessfulbuild”。
         正在对“Debug\PopStar.lastbuildstate”执行 Touch 任务。
     1>已完成生成项目“C:\Users\dell\Documents\Tencent Files\1548033119\FileRecv\字符串练习生-消灭星星\src\PopStar\PopStar\PopStar.vcxproj”(rebuild 个目标)的操作。

生成成功。

已用时间 00:00:03.35
