C:\Users\dell\Documents\Tencent Files\1548033119\FileRecv\字符串练习生-消灭星星\src\PopStar\Debug\PopStar.exe
C:\Users\dell\Documents\Tencent Files\1548033119\FileRecv\字符串练习生-消灭星星\src\PopStar\Debug\PopStar.ilk
C:\Users\dell\Documents\Tencent Files\1548033119\FileRecv\字符串练习生-消灭星星\src\PopStar\Debug\PopStar.pdb
C:\Users\dell\Documents\Tencent Files\1548033119\FileRecv\字符串练习生-消灭星星\src\PopStar\PopStar\Debug\cl.command.1.tlog
C:\Users\dell\Documents\Tencent Files\1548033119\FileRecv\字符串练习生-消灭星星\src\PopStar\PopStar\Debug\CL.read.1.tlog
C:\Users\dell\Documents\Tencent Files\1548033119\FileRecv\字符串练习生-消灭星星\src\PopStar\PopStar\Debug\CL.write.1.tlog
C:\Users\dell\Documents\Tencent Files\1548033119\FileRecv\字符串练习生-消灭星星\src\PopStar\PopStar\Debug\displayModule.obj
C:\Users\dell\Documents\Tencent Files\1548033119\FileRecv\字符串练习生-消灭星星\src\PopStar\PopStar\Debug\GameLogic.obj
C:\Users\dell\Documents\Tencent Files\1548033119\FileRecv\字符串练习生-消灭星星\src\PopStar\PopStar\Debug\GameMenu.obj
C:\Users\dell\Documents\Tencent Files\1548033119\FileRecv\字符串练习生-消灭星星\src\PopStar\PopStar\Debug\link.command.1.tlog
C:\Users\dell\Documents\Tencent Files\1548033119\FileRecv\字符串练习生-消灭星星\src\PopStar\PopStar\Debug\link.read.1.tlog
C:\Users\dell\Documents\Tencent Files\1548033119\FileRecv\字符串练习生-消灭星星\src\PopStar\PopStar\Debug\link.write.1.tlog
C:\Users\dell\Documents\Tencent Files\1548033119\FileRecv\字符串练习生-消灭星星\src\PopStar\PopStar\Debug\main.obj
C:\Users\dell\Documents\Tencent Files\1548033119\FileRecv\字符串练习生-消灭星星\src\PopStar\PopStar\Debug\mt.command.1.tlog
C:\Users\dell\Documents\Tencent Files\1548033119\FileRecv\字符串练习生-消灭星星\src\PopStar\PopStar\Debug\mt.read.1.tlog
C:\Users\dell\Documents\Tencent Files\1548033119\FileRecv\字符串练习生-消灭星星\src\PopStar\PopStar\Debug\mt.write.1.tlog
C:\Users\dell\Documents\Tencent Files\1548033119\FileRecv\字符串练习生-消灭星星\src\PopStar\PopStar\Debug\PopStar.exe.intermediate.manifest
C:\Users\dell\Documents\Tencent Files\1548033119\FileRecv\字符串练习生-消灭星星\src\PopStar\PopStar\Debug\PopStar.write.1.tlog
C:\Users\dell\Documents\Tencent Files\1548033119\FileRecv\字符串练习生-消灭星星\src\PopStar\PopStar\Debug\Star.obj
C:\Users\dell\Documents\Tencent Files\1548033119\FileRecv\字符串练习生-消灭星星\src\PopStar\PopStar\Debug\vc100.idb
C:\Users\dell\Documents\Tencent Files\1548033119\FileRecv\字符串练习生-消灭星星\src\PopStar\PopStar\Debug\vc100.pdb
D:\CPPTMP\POPSTAR\DEBUG\POPSTAR.EXE
D:\CPPTMP\POPSTAR\DEBUG\POPSTAR.ILK
D:\CPPTMP\POPSTAR\DEBUG\POPSTAR.PDB
D:\CPPTMP\POPSTAR\POPSTAR\DEBUG\DISPLAYMODULE.OBJ
D:\CPPTMP\POPSTAR\POPSTAR\DEBUG\GAMELOGIC.OBJ
D:\CPPTMP\POPSTAR\POPSTAR\DEBUG\GAMEMENU.OBJ
D:\CPPTMP\POPSTAR\POPSTAR\DEBUG\MAIN.OBJ
D:\CPPTMP\POPSTAR\POPSTAR\DEBUG\POPSTAR.EXE.INTERMEDIATE.MANIFEST
D:\CPPTMP\POPSTAR\POPSTAR\DEBUG\STAR.OBJ
D:\CPPTMP\POPSTAR\POPSTAR\DEBUG\VC100.PDB
